# JRE version: Java(TM) SE Runtime Environment 18.9 (11.0.8+10) (build 11.0.8+10-LTS)
# Java VM: Java HotSpot(TM) 64-Bit Server VM 18.9 (11.0.8+10-LTS, mixed mode, tiered, compressed oops, g1 gc, windows-amd64)
Heap:
 garbage-first heap   total 262144K, used 99566K [0x0000000701e00000, 0x0000000800000000)
  region size 1024K, 90 young (92160K), 8 survivors (8192K)
 Metaspace       used 44366K, capacity 45822K, committed 46124K, reserved 1089536K
  class space    used 5602K, capacity 6207K, committed 6272K, reserved 1048576K
GC Heap History (10 events):
Event: 1.975 GC heap before
{Heap before GC invocations=0 (full 0):
 garbage-first heap   total 262144K, used 23552K [0x0000000701e00000, 0x0000000800000000)
  region size 1024K, 24 young (24576K), 0 survivors (0K)
 Metaspace       used 14956K, capacity 15467K, committed 15616K, reserved 1062912K
  class space    used 1594K, capacity 1758K, committed 1792K, reserved 1048576K
}
Event: 1.982 GC heap after
{Heap after GC invocations=1 (full 0):
 garbage-first heap   total 262144K, used 6753K [0x0000000701e00000, 0x0000000800000000)
  region size 1024K, 3 young (3072K), 3 survivors (3072K)
 Metaspace       used 14956K, capacity 15467K, committed 15616K, reserved 1062912K
  class space    used 1594K, capacity 1758K, committed 1792K, reserved 1048576K
}
Event: 2.197 GC heap before
{Heap before GC invocations=1 (full 0):
 garbage-first heap   total 262144K, used 26209K [0x0000000701e00000, 0x0000000800000000)
  region size 1024K, 22 young (22528K), 3 survivors (3072K)
 Metaspace       used 19566K, capacity 20215K, committed 20480K, reserved 1067008K
  class space    used 2188K, capacity 2435K, committed 2560K, reserved 1048576K
}
Event: 2.200 GC heap after
{Heap after GC invocations=2 (full 0):
 garbage-first heap   total 262144K, used 8010K [0x0000000701e00000, 0x0000000800000000)
  region size 1024K, 2 young (2048K), 2 survivors (2048K)
 Metaspace       used 19566K, capacity 20215K, committed 20480K, reserved 1067008K
  class space    used 2188K, capacity 2435K, committed 2560K, reserved 1048576K
}
Event: 2.221 GC heap before
{Heap before GC invocations=2 (full 0):
 garbage-first heap   total 262144K, used 12106K [0x0000000701e00000, 0x0000000800000000)
  region size 1024K, 7 young (7168K), 2 survivors (2048K)
 Metaspace       used 20337K, capacity 21027K, committed 21248K, reserved 1069056K
  class space    used 2317K, capacity 2556K, committed 2560K, reserved 1048576K
}
Event: 2.223 GC heap after
{Heap after GC invocations=3 (full 0):
 garbage-first heap   total 262144K, used 8310K [0x0000000701e00000, 0x0000000800000000)
  region size 1024K, 2 young (2048K), 2 survivors (2048K)
 Metaspace       used 20337K, capacity 21027K, committed 21248K, reserved 1069056K
  class space    used 2317K, capacity 2556K, committed 2560K, reserved 1048576K
}
Event: 2.923 GC heap before
{Heap before GC invocations=4 (full 0):
 garbage-first heap   total 262144K, used 87158K [0x0000000701e00000, 0x0000000800000000)
  region size 1024K, 80 young (81920K), 2 survivors (2048K)
 Metaspace       used 31481K, capacity 32517K, committed 32768K, reserved 1077248K
  class space    used 3880K, capacity 4264K, committed 4352K, reserved 1048576K
}
Event: 2.928 GC heap after
{Heap after GC invocations=5 (full 0):
 garbage-first heap   total 262144K, used 12616K [0x0000000701e00000, 0x0000000800000000)
  region size 1024K, 6 young (6144K), 6 survivors (6144K)
 Metaspace       used 31481K, capacity 32517K, committed 32768K, reserved 1077248K
  class space    used 3880K, capacity 4264K, committed 4352K, reserved 1048576K
}
Event: 3.246 GC heap before
{Heap before GC invocations=5 (full 0):
 garbage-first heap   total 262144K, used 39240K [0x0000000701e00000, 0x0000000800000000)
  region size 1024K, 33 young (33792K), 6 survivors (6144K)
 Metaspace       used 34414K, capacity 35501K, committed 35628K, reserved 1081344K
  class space    used 4256K, capacity 4705K, committed 4736K, reserved 1048576K
}
Event: 3.254 GC heap after
{Heap after GC invocations=6 (full 0):
 garbage-first heap   total 262144K, used 14574K [0x0000000701e00000, 0x0000000800000000)
  region size 1024K, 8 young (8192K), 8 survivors (8192K)
 Metaspace       used 34414K, capacity 35501K, committed 35628K, reserved 1081344K
  class space    used 4256K, capacity 4705K, committed 4736K, reserved 1048576K
}

