# JRE version: Java(TM) SE Runtime Environment 18.9 (11.0.8+10) (build 11.0.8+10-LTS)
# Java VM: Java HotSpot(TM) 64-Bit Server VM 18.9 (11.0.8+10-LTS, mixed mode, tiered, compressed oops, g1 gc, windows-amd64)
Heap:
 garbage-first heap   total 262144K, used 98288K [0x0000000701e00000, 0x0000000800000000)
  region size 1024K, 89 young (91136K), 8 survivors (8192K)
 Metaspace       used 44410K, capacity 45836K, committed 46160K, reserved 1089536K
  class space    used 5603K, capacity 6209K, committed 6304K, reserved 1048576K
GC Heap History (10 events):
Event: 2.050 GC heap before
{Heap before GC invocations=0 (full 0):
 garbage-first heap   total 262144K, used 23552K [0x0000000701e00000, 0x0000000800000000)
  region size 1024K, 24 young (24576K), 0 survivors (0K)
 Metaspace       used 14938K, capacity 15403K, committed 15616K, reserved 1062912K
  class space    used 1593K, capacity 1758K, committed 1792K, reserved 1048576K
}
Event: 2.075 GC heap after
{Heap after GC invocations=1 (full 0):
 garbage-first heap   total 262144K, used 6550K [0x0000000701e00000, 0x0000000800000000)
  region size 1024K, 3 young (3072K), 3 survivors (3072K)
 Metaspace       used 14938K, capacity 15403K, committed 15616K, reserved 1062912K
  class space    used 1593K, capacity 1758K, committed 1792K, reserved 1048576K
}
Event: 2.380 GC heap before
{Heap before GC invocations=1 (full 0):
 garbage-first heap   total 262144K, used 29078K [0x0000000701e00000, 0x0000000800000000)
  region size 1024K, 25 young (25600K), 3 survivors (3072K)
 Metaspace       used 20346K, capacity 20998K, committed 21120K, reserved 1067008K
  class space    used 2325K, capacity 2588K, committed 2688K, reserved 1048576K
}
Event: 2.404 GC heap after
{Heap after GC invocations=2 (full 0):
 garbage-first heap   total 262144K, used 8205K [0x0000000701e00000, 0x0000000800000000)
  region size 1024K, 2 young (2048K), 2 survivors (2048K)
 Metaspace       used 20346K, capacity 20998K, committed 21120K, reserved 1067008K
  class space    used 2325K, capacity 2588K, committed 2688K, reserved 1048576K
}
Event: 2.408 GC heap before
{Heap before GC invocations=2 (full 0):
 garbage-first heap   total 262144K, used 9229K [0x0000000701e00000, 0x0000000800000000)
  region size 1024K, 4 young (4096K), 2 survivors (2048K)
 Metaspace       used 20507K, capacity 21183K, committed 21296K, reserved 1069056K
  class space    used 2343K, capacity 2625K, committed 2688K, reserved 1048576K
}
Event: 2.411 GC heap after
{Heap after GC invocations=3 (full 0):
 garbage-first heap   total 262144K, used 8254K [0x0000000701e00000, 0x0000000800000000)
  region size 1024K, 2 young (2048K), 2 survivors (2048K)
 Metaspace       used 20507K, capacity 21183K, committed 21296K, reserved 1069056K
  class space    used 2343K, capacity 2625K, committed 2688K, reserved 1048576K
}
Event: 3.025 GC heap before
{Heap before GC invocations=4 (full 0):
 garbage-first heap   total 262144K, used 76862K [0x0000000701e00000, 0x0000000800000000)
  region size 1024K, 69 young (70656K), 2 survivors (2048K)
 Metaspace       used 30222K, capacity 31177K, committed 31536K, reserved 1077248K
  class space    used 3705K, capacity 4098K, committed 4224K, reserved 1048576K
}
Event: 3.031 GC heap after
{Heap after GC invocations=5 (full 0):
 garbage-first heap   total 262144K, used 11775K [0x0000000701e00000, 0x0000000800000000)
  region size 1024K, 6 young (6144K), 6 survivors (6144K)
 Metaspace       used 30222K, capacity 31177K, committed 31536K, reserved 1077248K
  class space    used 3705K, capacity 4098K, committed 4224K, reserved 1048576K
}
Event: 3.575 GC heap before
{Heap before GC invocations=5 (full 0):
 garbage-first heap   total 262144K, used 49663K [0x0000000701e00000, 0x0000000800000000)
  region size 1024K, 44 young (45056K), 6 survivors (6144K)
 Metaspace       used 34773K, capacity 35855K, committed 35920K, reserved 1081344K
  class space    used 4291K, capacity 4738K, committed 4768K, reserved 1048576K
}
Event: 3.583 GC heap after
{Heap after GC invocations=6 (full 0):
 garbage-first heap   total 262144K, used 14320K [0x0000000701e00000, 0x0000000800000000)
  region size 1024K, 8 young (8192K), 8 survivors (8192K)
 Metaspace       used 34773K, capacity 35855K, committed 35920K, reserved 1081344K
  class space    used 4291K, capacity 4738K, committed 4768K, reserved 1048576K
}

